# JRE version: OpenJDK Runtime Environment Temurin-21.0.11+10 (21.0.11+10) (build 21.0.11+10-LTS)
# Java VM: OpenJDK 64-Bit Server VM Temurin-21.0.11+10 (21.0.11+10-LTS, mixed mode, sharing, tiered, compressed oops, compressed class ptrs, g1 gc, windows-amd64)
GC Precious Log:
 CardTable entry size: 512
 Card Set container configuration: InlinePtr #cards 4 size 8 Array Of Cards #cards 16 size 48 Howl #buckets 8 coarsen threshold 3686 Howl Bitmap #cards 512 size 80 coarsen threshold 460 Card regions per heap region 1 cards per card region 4096
 CPUs: 4 total, 4 available
 Memory: 7834M
 Large Page Support: Disabled
 NUMA Support: Disabled
 Compressed Oops: Enabled (Zero based)
 Heap Region Size: 2M
 Heap Min Capacity: 8M
 Heap Initial Capacity: 124M
 Heap Max Capacity: 4G
 Pre-touch: Disabled
 Parallel Workers: 4
 Concurrent Workers: 1
 Concurrent Refinement Workers: 4
 Periodic GC: Disabled
Heap:
 garbage-first heap   total 274432K, used 200385K [0x0000000700000000, 0x0000000800000000)
  region size 2048K, 11 young (22528K), 5 survivors (10240K)
 Metaspace       used 111234K, committed 114048K, reserved 1179648K
  class space    used 15865K, committed 17216K, reserved 1048576K
GC Heap History (20 events):
Event: 115.519 GC heap before
{Heap before GC invocations=51 (full 0):
 garbage-first heap   total 198656K, used 181251K [0x0000000700000000, 0x0000000800000000)
  region size 2048K, 33 young (67584K), 4 survivors (8192K)
 Metaspace       used 102127K, committed 104576K, reserved 1179648K
  class space    used 14551K, committed 15744K, reserved 1048576K
}
Event: 115.537 GC heap after
{Heap after GC invocations=52 (full 0):
 garbage-first heap   total 239616K, used 124000K [0x0000000700000000, 0x0000000800000000)
  region size 2048K, 4 young (8192K), 4 survivors (8192K)
 Metaspace       used 102127K, committed 104576K, reserved 1179648K
  class space    used 14551K, committed 15744K, reserved 1048576K
}
Event: 117.615 GC heap before
{Heap before GC invocations=53 (full 0):
 garbage-first heap   total 239616K, used 214112K [0x0000000700000000, 0x0000000800000000)
  region size 2048K, 48 young (98304K), 4 survivors (8192K)
 Metaspace       used 106551K, committed 108992K, reserved 1179648K
  class space    used 15191K, committed 16384K, reserved 1048576K
}
Event: 117.639 GC heap after
{Heap after GC invocations=54 (full 0):
 garbage-first heap   total 239616K, used 129298K [0x0000000700000000, 0x0000000800000000)
  region size 2048K, 6 young (12288K), 6 survivors (12288K)
 Metaspace       used 106551K, committed 108992K, reserved 1179648K
  class space    used 15191K, committed 16384K, reserved 1048576K
}
Event: 120.272 GC heap before
{Heap before GC invocations=54 (full 0):
 garbage-first heap   total 239616K, used 219410K [0x0000000700000000, 0x0000000800000000)
  region size 2048K, 50 young (102400K), 6 survivors (12288K)
 Metaspace       used 108326K, committed 110912K, reserved 1179648K
  class space    used 15453K, committed 16704K, reserved 1048576K
}
Event: 120.313 GC heap after
{Heap after GC invocations=55 (full 0):
 garbage-first heap   total 245760K, used 137519K [0x0000000700000000, 0x0000000800000000)
  region size 2048K, 7 young (14336K), 7 survivors (14336K)
 Metaspace       used 108326K, committed 110912K, reserved 1179648K
  class space    used 15453K, committed 16704K, reserved 1048576K
}
Event: 123.450 GC heap before
{Heap before GC invocations=55 (full 0):
 garbage-first heap   total 245760K, used 219439K [0x0000000700000000, 0x0000000800000000)
  region size 2048K, 48 young (98304K), 7 survivors (14336K)
 Metaspace       used 108328K, committed 110912K, reserved 1179648K
  class space    used 15453K, committed 16704K, reserved 1048576K
}
Event: 123.485 GC heap after
{Heap after GC invocations=56 (full 0):
 garbage-first heap   total 245760K, used 141967K [0x0000000700000000, 0x0000000800000000)
  region size 2048K, 3 young (6144K), 3 survivors (6144K)
 Metaspace       used 108328K, committed 110912K, reserved 1179648K
  class space    used 15453K, committed 16704K, reserved 1048576K
}
Event: 133.078 GC heap before
{Heap before GC invocations=57 (full 0):
 garbage-first heap   total 245760K, used 223887K [0x0000000700000000, 0x0000000800000000)
  region size 2048K, 44 young (90112K), 3 survivors (6144K)
 Metaspace       used 109927K, committed 112576K, reserved 1179648K
  class space    used 15717K, committed 16960K, reserved 1048576K
}
Event: 133.098 GC heap after
{Heap after GC invocations=58 (full 0):
 garbage-first heap   total 245760K, used 154795K [0x0000000700000000, 0x0000000800000000)
  region size 2048K, 6 young (12288K), 6 survivors (12288K)
 Metaspace       used 109927K, committed 112576K, reserved 1179648K
  class space    used 15717K, committed 16960K, reserved 1048576K
}
Event: 135.861 GC heap before
{Heap before GC invocations=58 (full 0):
 garbage-first heap   total 245760K, used 218283K [0x0000000700000000, 0x0000000800000000)
  region size 2048K, 38 young (77824K), 6 survivors (12288K)
 Metaspace       used 109927K, committed 112576K, reserved 1179648K
  class space    used 15717K, committed 16960K, reserved 1048576K
}
Event: 135.885 GC heap after
{Heap after GC invocations=59 (full 0):
 garbage-first heap   total 245760K, used 157838K [0x0000000700000000, 0x0000000800000000)
  region size 2048K, 2 young (4096K), 2 survivors (4096K)
 Metaspace       used 109927K, committed 112576K, reserved 1179648K
  class space    used 15717K, committed 16960K, reserved 1048576K
}
Event: 141.174 GC heap before
{Heap before GC invocations=59 (full 0):
 garbage-first heap   total 245760K, used 196750K [0x0000000700000000, 0x0000000800000000)
  region size 2048K, 23 young (47104K), 2 survivors (4096K)
 Metaspace       used 110014K, committed 112704K, reserved 1179648K
  class space    used 15728K, committed 17024K, reserved 1048576K
}
Event: 141.185 GC heap after
{Heap after GC invocations=60 (full 0):
 garbage-first heap   total 245760K, used 158427K [0x0000000700000000, 0x0000000800000000)
  region size 2048K, 3 young (6144K), 3 survivors (6144K)
 Metaspace       used 110014K, committed 112704K, reserved 1179648K
  class space    used 15728K, committed 17024K, reserved 1048576K
}
Event: 160.511 GC heap before
{Heap before GC invocations=61 (full 0):
 garbage-first heap   total 274432K, used 228059K [0x0000000700000000, 0x0000000800000000)
  region size 2048K, 35 young (71680K), 3 survivors (6144K)
 Metaspace       used 110219K, committed 112896K, reserved 1179648K
  class space    used 15746K, committed 17024K, reserved 1048576K
}
Event: 160.538 GC heap after
{Heap after GC invocations=62 (full 0):
 garbage-first heap   total 274432K, used 176374K [0x0000000700000000, 0x0000000800000000)
  region size 2048K, 5 young (10240K), 5 survivors (10240K)
 Metaspace       used 110219K, committed 112896K, reserved 1179648K
  class space    used 15746K, committed 17024K, reserved 1048576K
}
Event: 162.505 GC heap before
{Heap before GC invocations=62 (full 0):
 garbage-first heap   total 274432K, used 241910K [0x0000000700000000, 0x0000000800000000)
  region size 2048K, 38 young (77824K), 5 survivors (10240K)
 Metaspace       used 110219K, committed 112896K, reserved 1179648K
  class space    used 15746K, committed 17024K, reserved 1048576K
}
Event: 162.529 GC heap after
{Heap after GC invocations=63 (full 0):
 garbage-first heap   total 274432K, used 175600K [0x0000000700000000, 0x0000000800000000)
  region size 2048K, 2 young (4096K), 2 survivors (4096K)
 Metaspace       used 110219K, committed 112896K, reserved 1179648K
  class space    used 15746K, committed 17024K, reserved 1048576K
}
Event: 174.218 GC heap before
{Heap before GC invocations=63 (full 0):
 garbage-first heap   total 274432K, used 247280K [0x0000000700000000, 0x0000000800000000)
  region size 2048K, 37 young (75776K), 2 survivors (4096K)
 Metaspace       used 111173K, committed 114048K, reserved 1179648K
  class space    used 15865K, committed 17216K, reserved 1048576K
}
Event: 174.283 GC heap after
{Heap after GC invocations=64 (full 0):
 garbage-first heap   total 274432K, used 190145K [0x0000000700000000, 0x0000000800000000)
  region size 2048K, 5 young (10240K), 5 survivors (10240K)
 Metaspace       used 111173K, committed 114048K, reserved 1179648K
  class space    used 15865K, committed 17216K, reserved 1048576K
}

